[0.183s] Invoking command in '/home/nata/ws_ruka/build/ruka': AMENT_PREFIX_PATH=/home/nata/ws_ruka/install/ros2controlcli:/home/nata/ws_ruka/install/ros2_control_demo_description:/home/nata/ws_ruka/install/ruka:/home/nata/ws_ruka/install/ros2_controllers_test_nodes:/home/nata/ws_ruka/install/controller_manager:/home/nata/ws_ruka/install/ros2_control_test_assets:/home/nata/ws_ruka/install/joint_state_broadcaster:/home/nata/ws_ruka/install/r_t:/home/nata/ws_ruka/install/controller_interface:/home/nata/ws_ruka/install/hardware_interface:/home/nata/ws_ruka/install/controller_manager_msgs:/home/nata/ws_ruka/install/control_msgs:/home/nata/ws_vr/install/vr_hand:/home/nata/ws_vr/install/vr_t:/opt/ros/humble CMAKE_PREFIX_PATH=/home/nata/ws_ruka/install/joint_state_broadcaster:/home/nata/ws_ruka/install/controller_manager:/home/nata/ws_ruka/install/controller_interface:/home/nata/ws_ruka/install/r_t:/home/nata/ws_ruka/install/hardware_interface:/home/nata/ws_ruka/install/ros2_control_test_assets:/home/nata/ws_ruka/install/ros2_control_demo_description:/home/nata/ws_ruka/install/controller_manager_msgs:/home/nata/ws_ruka/install/control_msgs:/home/nata/ws_ruka/install/ruka:/home/nata/ws_vr/install/vr_hand:/home/nata/ws_vr/install/vr_t:/home/nata/ws_ruka/install/ros2controlcli:/home/nata/ws_ruka/install/ros2_controllers_test_nodes:/opt/ros/humble LD_LIBRARY_PATH=/home/nata/ws_ruka/install/joint_state_broadcaster/lib:/home/nata/ws_ruka/install/controller_manager/lib:/home/nata/ws_ruka/install/controller_interface/lib:/home/nata/ws_ruka/install/hardware_interface/lib:/home/nata/ws_ruka/install/controller_manager_msgs/lib:/home/nata/ws_ruka/install/control_msgs/lib:/home/nata/ws_ruka/install/ruka/lib:/opt/ros/humble/opt/rviz_ogre_vendor/lib:/opt/ros/humble/lib/x86_64-linux-gnu:/opt/ros/humble/lib /usr/bin/cmake --build /home/nata/ws_ruka/build/ruka -- -j8 -l8
[0.254s] [35m[1mConsolidate compiler generated dependencies of target ruka[0m
[0.278s] [ 50%] [32mBuilding CXX object CMakeFiles/ruka.dir/hardware/ruka_hardware.cpp.o[0m
[1.196s] [01m[K/home/nata/ws_ruka/src/ruka/hardware/ruka_hardware.cpp:[m[K In member function â€˜[01m[Kvirtual hardware_interface::return_type joint_trajectory_controller::JointTrajectoryController::write(const rclcpp::Time&, const rclcpp::Duration&)[m[Kâ€™:
[1.196s] [01m[K/home/nata/ws_ruka/src/ruka/hardware/ruka_hardware.cpp:110:23:[m[K [01;31m[Kerror: [m[Kâ€˜[01m[Kget_logger[m[Kâ€™ is not a member of â€˜[01m[Krclcpp[m[Kâ€™
[1.196s]   110 |   RCLCPP_INFO(rclcpp::[01;31m[Kget_logger[m[K("JointTrajectoryController"),
[1.196s]       |                       [01;31m[K^~~~~~~~~~[m[K
[1.201s] [01m[K/home/nata/ws_ruka/src/ruka/hardware/ruka_hardware.cpp:110:3:[m[K [01;31m[Kerror: [m[Kâ€˜[01m[KRCLCPP_INFO[m[Kâ€™ was not declared in this scope; did you mean â€˜[01m[KRCLCPP_IMPORT[m[Kâ€™?
[1.202s]   110 |   [01;31m[KRCLCPP_INFO[m[K(rclcpp::get_logger("JointTrajectoryController"),
[1.203s]       |   [01;31m[K^~~~~~~~~~~[m[K
[1.203s]       |   [32m[KRCLCPP_IMPORT[m[K
[1.204s] [01m[K/home/nata/ws_ruka/src/ruka/hardware/ruka_hardware.cpp:115:25:[m[K [01;31m[Kerror: [m[Kâ€˜[01m[Kget_logger[m[Kâ€™ is not a member of â€˜[01m[Krclcpp[m[Kâ€™
[1.204s]   115 |     RCLCPP_INFO(rclcpp::[01;31m[Kget_logger[m[K("JointTrajectoryController"),
[1.204s]       |                         [01;31m[K^~~~~~~~~~[m[K
[1.204s] [01m[K/home/nata/ws_ruka/src/ruka/hardware/ruka_hardware.cpp:118:23:[m[K [01;31m[Kerror: [m[Kâ€˜[01m[Kget_logger[m[Kâ€™ is not a member of â€˜[01m[Krclcpp[m[Kâ€™
[1.204s]   118 |   RCLCPP_INFO(rclcpp::[01;31m[Kget_logger[m[K("JointTrajectoryController"),
[1.204s]       |                       [01;31m[K^~~~~~~~~~[m[K
[1.647s] gmake[2]: *** [CMakeFiles/ruka.dir/build.make:76: CMakeFiles/ruka.dir/hardware/ruka_hardware.cpp.o] Error 1
[1.647s] gmake[1]: *** [CMakeFiles/Makefile2:137: CMakeFiles/ruka.dir/all] Error 2
[1.648s] gmake: *** [Makefile:146: all] Error 2
[1.651s] Invoked command in '/home/nata/ws_ruka/build/ruka' returned '2': AMENT_PREFIX_PATH=/home/nata/ws_ruka/install/ros2controlcli:/home/nata/ws_ruka/install/ros2_control_demo_description:/home/nata/ws_ruka/install/ruka:/home/nata/ws_ruka/install/ros2_controllers_test_nodes:/home/nata/ws_ruka/install/controller_manager:/home/nata/ws_ruka/install/ros2_control_test_assets:/home/nata/ws_ruka/install/joint_state_broadcaster:/home/nata/ws_ruka/install/r_t:/home/nata/ws_ruka/install/controller_interface:/home/nata/ws_ruka/install/hardware_interface:/home/nata/ws_ruka/install/controller_manager_msgs:/home/nata/ws_ruka/install/control_msgs:/home/nata/ws_vr/install/vr_hand:/home/nata/ws_vr/install/vr_t:/opt/ros/humble CMAKE_PREFIX_PATH=/home/nata/ws_ruka/install/joint_state_broadcaster:/home/nata/ws_ruka/install/controller_manager:/home/nata/ws_ruka/install/controller_interface:/home/nata/ws_ruka/install/r_t:/home/nata/ws_ruka/install/hardware_interface:/home/nata/ws_ruka/install/ros2_control_test_assets:/home/nata/ws_ruka/install/ros2_control_demo_description:/home/nata/ws_ruka/install/controller_manager_msgs:/home/nata/ws_ruka/install/control_msgs:/home/nata/ws_ruka/install/ruka:/home/nata/ws_vr/install/vr_hand:/home/nata/ws_vr/install/vr_t:/home/nata/ws_ruka/install/ros2controlcli:/home/nata/ws_ruka/install/ros2_controllers_test_nodes:/opt/ros/humble LD_LIBRARY_PATH=/home/nata/ws_ruka/install/joint_state_broadcaster/lib:/home/nata/ws_ruka/install/controller_manager/lib:/home/nata/ws_ruka/install/controller_interface/lib:/home/nata/ws_ruka/install/hardware_interface/lib:/home/nata/ws_ruka/install/controller_manager_msgs/lib:/home/nata/ws_ruka/install/control_msgs/lib:/home/nata/ws_ruka/install/ruka/lib:/opt/ros/humble/opt/rviz_ogre_vendor/lib:/opt/ros/humble/lib/x86_64-linux-gnu:/opt/ros/humble/lib /usr/bin/cmake --build /home/nata/ws_ruka/build/ruka -- -j8 -l8
