[35m[1mConsolidate compiler generated dependencies of target ruka[0m
[ 50%] [32mBuilding CXX object CMakeFiles/ruka.dir/hardware/ruka_hardware.cpp.o[0m
[01m[K/home/nata/ws_ruka/src/ruka/hardware/ruka_hardware.cpp:[m[K In member function â€˜[01m[Kvirtual hardware_interface::return_type joint_trajectory_controller::JointTrajectoryController::write(const rclcpp::Time&, const rclcpp::Duration&)[m[Kâ€™:
[01m[K/home/nata/ws_ruka/src/ruka/hardware/ruka_hardware.cpp:110:23:[m[K [01;31m[Kerror: [m[Kâ€˜[01m[Kget_logger[m[Kâ€™ is not a member of â€˜[01m[Krclcpp[m[Kâ€™
  110 |   RCLCPP_INFO(rclcpp::[01;31m[Kget_logger[m[K("JointTrajectoryController"),
      |                       [01;31m[K^~~~~~~~~~[m[K
[01m[K/home/nata/ws_ruka/src/ruka/hardware/ruka_hardware.cpp:110:3:[m[K [01;31m[Kerror: [m[Kâ€˜[01m[KRCLCPP_INFO[m[Kâ€™ was not declared in this scope; did you mean â€˜[01m[KRCLCPP_IMPORT[m[Kâ€™?
  110 |   [01;31m[KRCLCPP_INFO[m[K(rclcpp::get_logger("JointTrajectoryController"),
      |   [01;31m[K^~~~~~~~~~~[m[K
      |   [32m[KRCLCPP_IMPORT[m[K
[01m[K/home/nata/ws_ruka/src/ruka/hardware/ruka_hardware.cpp:115:41:[m[K [01;35m[Kwarning: [m[Kformat â€˜[01m[K%d[m[Kâ€™ expects argument of type â€˜[01m[Kint[m[Kâ€™, but argument 3 has type â€˜[01m[Klong unsigned int[m[Kâ€™ [[01;35m[K]8;;https://gcc.gnu.org/onlinedocs/gcc/Warning-Options.html#index-Wformat=-Wformat=]8;;[m[K]
  115 |     printf("Got command %.5f for joint [01;35m[K%d[m[K!", joint_position_[i], [32m[Ki[m[K);
      |                                        [01;35m[K~^[m[K                        [32m[K~[m[K
      |                                         [01;35m[K|[m[K                        [32m[K|[m[K
      |                                         [01;35m[Kint[m[K                      [32m[Klong unsigned int[m[K
      |                                        [32m[K%ld[m[K
gmake[2]: *** [CMakeFiles/ruka.dir/build.make:76: CMakeFiles/ruka.dir/hardware/ruka_hardware.cpp.o] Error 1
gmake[1]: *** [CMakeFiles/Makefile2:137: CMakeFiles/ruka.dir/all] Error 2
gmake: *** [Makefile:146: all] Error 2
